<?xml version="1.0" encoding="UTF-8"?>
<!-- Generated by org.testng.reporters.JUnitReportReporter -->
<testsuite skipped="0" hostname="TYSS-ELF-Manjunath" name="com.vTiger.CreateProductTest" tests="3" failures="0" timestamp="08 May 2020 01:21:04 GMT" time="42.299" errors="0">
  <testcase name="createProductTest" time="13.773" classname="com.vTiger.CreateProductTest"/>
  <testcase name="createProductTest" time="10.731" classname="com.vTiger.CreateProductTest"/>
  <testcase name="createProductTest" time="17.795" classname="com.vTiger.CreateProductTest"/>
</testsuite> <!-- com.vTiger.CreateProductTest -->
